<?xml version="1.0" encoding="UTF-8"?>
<!-- Generated by org.testng.reporters.JUnitReportReporter -->
<testsuite hostname="shiba_prasad" failures="0" tests="2" name="com.actitime.testcases.TC1_LoginLogout" time="7.363" errors="0" timestamp="2024-09-26T13:12:56 IST" skipped="0">
  <testcase classname="com.actitime.testcases.TC1_LoginLogout" name="logout" time="6.460"/>
  <testcase classname="com.actitime.testcases.TC1_LoginLogout" name="login" time="0.903"/>
</testsuite> <!-- com.actitime.testcases.TC1_LoginLogout -->
